<?xml version="1.0" encoding="utf-8"?><testsuites name="pytest tests"><testsuite name="pytest" errors="0" failures="0" skipped="0" tests="11" time="1.564" timestamp="2026-04-09T11:46:46.550348+00:00" hostname="agent-env-d8d09702-3145-416b-a23d-667b64b3725a"><testcase classname="backend.tests.test_share_api.TestShareAPI" name="test_health_check" time="0.160" /><testcase classname="backend.tests.test_share_api.TestShareAPI" name="test_create_share_design_basic" time="0.127" /><testcase classname="backend.tests.test_share_api.TestShareAPI" name="test_create_share_design_with_all_fields" time="0.311" /><testcase classname="backend.tests.test_share_api.TestShareAPI" name="test_get_existing_shared_design" time="0.117" /><testcase classname="backend.tests.test_share_api.TestShareAPI" name="test_get_nonexistent_shared_design" time="0.114" /><testcase classname="backend.tests.test_share_api.TestShareAPI" name="test_share_design_grid_structure" time="0.106" /><testcase classname="backend.tests.test_share_api.TestShareAPI" name="test_share_design_walls_structure" time="0.111" /><testcase classname="backend.tests.test_share_api.TestShareAPI" name="test_share_design_furniture_structure" time="0.110" /><testcase classname="backend.tests.test_share_api.TestEntityAPIs" name="test_list_wall_images" time="0.108" /><testcase classname="backend.tests.test_share_api.TestEntityAPIs" name="test_list_floor_plan_images" time="0.112" /><testcase classname="backend.tests.test_share_api.TestEntityAPIs" name="test_list_wall_entries" time="0.102" /></testsuite></testsuites>